<?xml version="1.0" encoding="UTF-8"?>
<!-- Generated by org.testng.reporters.JUnitReportReporter -->
<testsuite hostname="GWLP" failures="0" tests="1" name="runner.TestRunner" time="8.224" errors="0" timestamp="2024-11-14T19:21:18 CST" skipped="0">
  <testcase classname="runner.TestRunner" name="runScenario" time="8.224"/>
</testsuite> <!-- runner.TestRunner -->
