<?xml version="1.0" encoding="UTF-8"?>
<!-- Generated by org.testng.reporters.JUnitReportReporter -->
<testsuite hostname="GWLP" failures="0" tests="5" name="stepDefinitions.LoggerTest" time="0.027" errors="0" timestamp="2024-11-14T19:21:18 CST" skipped="0">
  <testcase classname="stepDefinitions.LoggerTest" name="test002" time="0.004"/>
  <testcase classname="stepDefinitions.LoggerTest" name="test005" time="0.003"/>
  <testcase classname="stepDefinitions.LoggerTest" name="test003" time="0.012"/>
  <testcase classname="stepDefinitions.LoggerTest" name="test004" time="0.004"/>
  <testcase classname="stepDefinitions.LoggerTest" name="test001" time="0.004"/>
</testsuite> <!-- stepDefinitions.LoggerTest -->
