<?xml version="1.0" encoding="UTF-8"?>
<!-- Generated by org.testng.reporters.JUnitReportReporter -->
<testsuite hostname="GWLP" failures="0" tests="1" name="runner.TestRunner" time="11.289" errors="0" timestamp="2024-11-13T09:36:12 CST" skipped="0">
  <testcase classname="runner.TestRunner" name="runScenario" time="11.289"/>
</testsuite> <!-- runner.TestRunner -->
