<?xml version="1.0" encoding="UTF-8"?>
<!-- Generated by org.testng.reporters.JUnitReportReporter -->
<testsuite hostname="GWLP" failures="0" tests="1" name="runner.TestRunner" time="8.606" errors="0" timestamp="2024-11-13T12:11:02 CST" skipped="0">
  <testcase classname="runner.TestRunner" name="runScenario" time="8.606"/>
</testsuite> <!-- runner.TestRunner -->
